[debug] [2022-07-27T14:07:15.285Z] ----------------------------------------------------------------------
[debug] [2022-07-27T14:07:15.293Z] Command:       C:\Program Files\nodejs\node.exe C:\Program Files\nodejs\node_modules\firebase-tools\lib\bin\firebase.js init
[debug] [2022-07-27T14:07:15.295Z] CLI Version:   11.4.0
[debug] [2022-07-27T14:07:15.295Z] Platform:      win32
[debug] [2022-07-27T14:07:15.296Z] Node Version:  v16.16.0
[debug] [2022-07-27T14:07:15.300Z] Time:          Wed Jul 27 2022 11:07:15 GMT-0300 (hora estándar de Argentina)
[debug] [2022-07-27T14:07:15.301Z] ----------------------------------------------------------------------
[debug] 
[debug] [2022-07-27T14:07:15.329Z] > command requires scopes: ["email","openid","https://www.googleapis.com/auth/cloudplatformprojects.readonly","https://www.googleapis.com/auth/firebase","https://www.googleapis.com/auth/cloud-platform"]
[debug] [2022-07-27T14:07:15.330Z] > authorizing via signed-in user (maxijofre.c@gmail.com)
[info] 
     ######## #### ########  ######## ########     ###     ######  ########
     ##        ##  ##     ## ##       ##     ##  ##   ##  ##       ##
     ######    ##  ########  ######   ########  #########  ######  ######
     ##        ##  ##    ##  ##       ##     ## ##     ##       ## ##
     ##       #### ##     ## ######## ########  ##     ##  ######  ########

You're about to initialize a Firebase project in this directory:

  C:\Users\maxij\Documents\Programación\Apx\dwf-m8\10 - DESAFIO FINAL

[info] 
=== Project Setup
[info] 
[info] First, let's associate this project directory with a Firebase project.
[info] You can create multiple project aliases by running firebase use --add, 
[info] but for now we'll just set up a default project.
[info] 
[debug] [2022-07-27T14:09:07.931Z] >>> [apiv2][query] GET https://firebase.googleapis.com/v1beta1/projects pageSize=100
[debug] [2022-07-27T14:09:09.587Z] <<< [apiv2][status] GET https://firebase.googleapis.com/v1beta1/projects 200
[debug] [2022-07-27T14:09:09.587Z] <<< [apiv2][body] GET https://firebase.googleapis.com/v1beta1/projects [omitted]
[info] i  Using project lost-pet-app-2b162 (lost-pet-app) 
[info] 
=== Hosting Setup
[info] 
[info] Your public directory is the folder (relative to your project directory) that
[info] will contain Hosting assets to be uploaded with firebase deploy. If you
[info] have a build process for your assets, use your build's output directory.
[info] 
[debug] [2022-07-27T14:14:19.500Z] >>> [apiv2][query] GET https://www.gstatic.com/firebasejs/releases.json [none]
[debug] [2022-07-27T14:14:19.685Z] <<< [apiv2][status] GET https://www.gstatic.com/firebasejs/releases.json 200
[debug] [2022-07-27T14:14:19.685Z] <<< [apiv2][body] GET https://www.gstatic.com/firebasejs/releases.json {"current":{"version":"9.9.1","browserURL":"https://www.gstatic.com/firebasejs/9.9.1/firebase.js","packageURL":"https://www.gstatic.com/firebasejs/9.9.1/firebase.tgz"},"live":{"version":"9.9","browserURL":"https://www.gstatic.com/firebasejs/live/9.9/firebase.js","packageURL":"https://www.gstatic.com/firebasejs/live/9.9/firebase.tgz"},"components":{"analytics":"https://www.gstatic.com/firebasejs/9.9.1/firebase-analytics.js","app":"https://www.gstatic.com/firebasejs/9.9.1/firebase-app.js","app-check":"https://www.gstatic.com/firebasejs/9.9.1/firebase-app-check.js","auth":"https://www.gstatic.com/firebasejs/9.9.1/firebase-auth.js","auth/cordova":"https://www.gstatic.com/firebasejs/9.9.1/firebase-auth/cordova.js","auth/react-native":"https://www.gstatic.com/firebasejs/9.9.1/firebase-auth/react-native.js","functions":"https://www.gstatic.com/firebasejs/9.9.1/firebase-functions.js","firestore":"https://www.gstatic.com/firebasejs/9.9.1/firebase-firestore.js","firestore/lite":"https://www.gstatic.com/firebasejs/9.9.1/firebase-firestore/lite.js","installations":"https://www.gstatic.com/firebasejs/9.9.1/firebase-installations.js","storage":"https://www.gstatic.com/firebasejs/9.9.1/firebase-storage.js","performance":"https://www.gstatic.com/firebasejs/9.9.1/firebase-performance.js","remote-config":"https://www.gstatic.com/firebasejs/9.9.1/firebase-remote-config.js","messaging":"https://www.gstatic.com/firebasejs/9.9.1/firebase-messaging.js","messaging/sw":"https://www.gstatic.com/firebasejs/9.9.1/firebase-messaging/sw.js","database":"https://www.gstatic.com/firebasejs/9.9.1/firebase-database.js","firestore.memory":"https://www.gstatic.com/firebasejs/9.9.1/firebase-firestore.memory.js"}}
[info] i  Skipping write of ./index.html 
[info] 
[info] i  Didn't detect a .git folder. Assuming C:\Users\maxij\Documents\Programación\Apx\dwf-m8\10 - DESAFIO FINAL is the project root. 
[info] i  Authorizing with GitHub to upload your service account to a GitHub repository's secrets store. 
[info] 
[info] Visit this URL on this device to log in:
[info] https://github.com/login/oauth/authorize?client_id=89cf50f02ac6aaed3484&state=232835553&redirect_uri=http%3A%2F%2Flocalhost%3A9005&scope=read%3Auser%20repo%20public_repo
[info] 
[info] Waiting for authentication...
[debug] [2022-07-27T14:15:11.407Z] >>> [apiv2][query] POST https://github.com/login/oauth/access_token [none]
[debug] [2022-07-27T14:15:11.407Z] >>> [apiv2][body] POST https://github.com/login/oauth/access_token [stream]
[debug] [2022-07-27T14:15:12.058Z] <<< [apiv2][status] POST https://github.com/login/oauth/access_token 200
[debug] [2022-07-27T14:15:12.058Z] <<< [apiv2][body] POST https://github.com/login/oauth/access_token {"access_token":"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","token_type":"bearer","scope":"read:user,repo"}
[debug] [2022-07-27T14:15:12.076Z] >>> [apiv2][query] GET https://api.github.com/user [none]
[debug] [2022-07-27T14:15:12.915Z] <<< [apiv2][status] GET https://api.github.com/user 200
[debug] [2022-07-27T14:15:12.916Z] <<< [apiv2][body] GET https://api.github.com/user {"login":"MaxiJ16","id":66652144,"node_id":"MDQ6VXNlcjY2NjUyMTQ0","avatar_url":"https://avatars.githubusercontent.com/u/66652144?v=4","gravatar_id":"","url":"https://api.github.com/users/MaxiJ16","html_url":"https://github.com/MaxiJ16","followers_url":"https://api.github.com/users/MaxiJ16/followers","following_url":"https://api.github.com/users/MaxiJ16/following{/other_user}","gists_url":"https://api.github.com/users/MaxiJ16/gists{/gist_id}","starred_url":"https://api.github.com/users/MaxiJ16/starred{/owner}{/repo}","subscriptions_url":"https://api.github.com/users/MaxiJ16/subscriptions","organizations_url":"https://api.github.com/users/MaxiJ16/orgs","repos_url":"https://api.github.com/users/MaxiJ16/repos","events_url":"https://api.github.com/users/MaxiJ16/events{/privacy}","received_events_url":"https://api.github.com/users/MaxiJ16/received_events","type":"User","site_admin":false,"name":"Maximiliano Jofré","company":null,"blog":"","location":"Mendoza, Argentina","email":null,"hireable":null,"bio":null,"twitter_username":null,"public_repos":25,"public_gists":1,"followers":1,"following":1,"created_at":"2020-06-09T00:27:14Z","updated_at":"2022-07-07T12:49:18Z","private_gists":6,"total_private_repos":4,"owned_private_repos":3,"disk_usage":9698,"collaborators":0,"two_factor_authentication":false,"plan":{"name":"free","space":976562499,"collaborators":0,"private_repos":10000}}
[info] 
[info] +  Success! Logged into GitHub as MaxiJ16 
[info] 
[debug] [2022-07-27T14:27:19.013Z] >>> [apiv2][query] GET https://api.github.com/repos/MaxiJ16/lost-pet-app-v2/actions/secrets/public-key type=owner
[debug] [2022-07-27T14:27:19.352Z] <<< [apiv2][status] GET https://api.github.com/repos/MaxiJ16/lost-pet-app-v2/actions/secrets/public-key 401
[debug] [2022-07-27T14:27:19.352Z] <<< [apiv2][body] GET https://api.github.com/repos/MaxiJ16/lost-pet-app-v2/actions/secrets/public-key {"message":"Bad credentials","documentation_url":"https://docs.github.com/rest"}
[debug] [2022-07-27T14:27:27.599Z] >>> [apiv2][query] GET https://api.github.com/repos/MaxiJ16/lost-pet-app-v2/actions/secrets/public-key type=owner
[debug] [2022-07-27T14:27:28.024Z] <<< [apiv2][status] GET https://api.github.com/repos/MaxiJ16/lost-pet-app-v2/actions/secrets/public-key 401
[debug] [2022-07-27T14:27:28.024Z] <<< [apiv2][body] GET https://api.github.com/repos/MaxiJ16/lost-pet-app-v2/actions/secrets/public-key {"message":"Bad credentials","documentation_url":"https://docs.github.com/rest"}
[debug] [2022-07-27T14:27:34.054Z] >>> [apiv2][query] GET https://api.github.com/repos/MaxiJ16/lost-pet-app-v2/actions/secrets/public-key type=owner
[debug] [2022-07-27T14:27:34.443Z] <<< [apiv2][status] GET https://api.github.com/repos/MaxiJ16/lost-pet-app-v2/actions/secrets/public-key 401
[debug] [2022-07-27T14:27:34.444Z] <<< [apiv2][body] GET https://api.github.com/repos/MaxiJ16/lost-pet-app-v2/actions/secrets/public-key {"message":"Bad credentials","documentation_url":"https://docs.github.com/rest"}
[debug] [2022-07-27T14:27:35.094Z] >>> [apiv2][query] GET https://api.github.com/repos/MaxiJ16/lost-pet-app-v2/actions/secrets/public-key type=owner
[debug] [2022-07-27T14:27:35.878Z] <<< [apiv2][status] GET https://api.github.com/repos/MaxiJ16/lost-pet-app-v2/actions/secrets/public-key 401
[debug] [2022-07-27T14:27:35.879Z] <<< [apiv2][body] GET https://api.github.com/repos/MaxiJ16/lost-pet-app-v2/actions/secrets/public-key {"message":"Bad credentials","documentation_url":"https://docs.github.com/rest"}
[debug] [2022-07-27T14:28:05.333Z] >>> [apiv2][query] GET https://api.github.com/repos/MaxiJ16/lost-pet-app-v2/actions/secrets/public-key type=owner
[debug] [2022-07-27T14:28:05.708Z] <<< [apiv2][status] GET https://api.github.com/repos/MaxiJ16/lost-pet-app-v2/actions/secrets/public-key 401
[debug] [2022-07-27T14:28:05.708Z] <<< [apiv2][body] GET https://api.github.com/repos/MaxiJ16/lost-pet-app-v2/actions/secrets/public-key {"message":"Bad credentials","documentation_url":"https://docs.github.com/rest"}
[debug] [2022-07-27T14:28:10.374Z] >>> [apiv2][query] GET https://api.github.com/repos/MaxiJ16/lost-pet-app-v2/actions/secrets/public-key type=owner
[debug] [2022-07-27T14:28:10.712Z] <<< [apiv2][status] GET https://api.github.com/repos/MaxiJ16/lost-pet-app-v2/actions/secrets/public-key 401
[debug] [2022-07-27T14:28:10.712Z] <<< [apiv2][body] GET https://api.github.com/repos/MaxiJ16/lost-pet-app-v2/actions/secrets/public-key {"message":"Bad credentials","documentation_url":"https://docs.github.com/rest"}
[debug] [2022-07-27T14:28:11.198Z] >>> [apiv2][query] GET https://api.github.com/repos/MaxiJ16/lost-pet-app-v2/actions/secrets/public-key type=owner
[debug] [2022-07-27T14:28:11.519Z] <<< [apiv2][status] GET https://api.github.com/repos/MaxiJ16/lost-pet-app-v2/actions/secrets/public-key 401
[debug] [2022-07-27T14:28:11.519Z] <<< [apiv2][body] GET https://api.github.com/repos/MaxiJ16/lost-pet-app-v2/actions/secrets/public-key {"message":"Bad credentials","documentation_url":"https://docs.github.com/rest"}
[debug] [2022-07-27T14:28:12.109Z] >>> [apiv2][query] GET https://api.github.com/repos/MaxiJ16/lost-pet-app-v2/actions/secrets/public-key type=owner
[debug] [2022-07-27T14:28:12.457Z] <<< [apiv2][status] GET https://api.github.com/repos/MaxiJ16/lost-pet-app-v2/actions/secrets/public-key 401
[debug] [2022-07-27T14:28:12.457Z] <<< [apiv2][body] GET https://api.github.com/repos/MaxiJ16/lost-pet-app-v2/actions/secrets/public-key {"message":"Bad credentials","documentation_url":"https://docs.github.com/rest"}
[debug] [2022-07-27T14:28:12.605Z] >>> [apiv2][query] GET https://api.github.com/repos/MaxiJ16/lost-pet-app-v2/actions/secrets/public-key type=owner
[debug] [2022-07-27T14:28:12.639Z] >>> [apiv2][query] GET https://api.github.com/repos//actions/secrets/public-key type=owner
[debug] [2022-07-27T14:28:12.661Z] >>> [apiv2][query] GET https://api.github.com/repos//actions/secrets/public-key type=owner
[debug] [2022-07-27T14:28:12.695Z] >>> [apiv2][query] GET https://api.github.com/repos//actions/secrets/public-key type=owner
[debug] [2022-07-27T14:28:12.729Z] >>> [apiv2][query] GET https://api.github.com/repos//actions/secrets/public-key type=owner
[debug] [2022-07-27T14:28:12.764Z] >>> [apiv2][query] GET https://api.github.com/repos//actions/secrets/public-key type=owner
[debug] [2022-07-27T14:28:12.798Z] >>> [apiv2][query] GET https://api.github.com/repos//actions/secrets/public-key type=owner
[debug] [2022-07-27T14:28:12.837Z] >>> [apiv2][query] GET https://api.github.com/repos//actions/secrets/public-key type=owner
[debug] [2022-07-27T14:28:12.859Z] >>> [apiv2][query] GET https://api.github.com/repos//actions/secrets/public-key type=owner
[debug] [2022-07-27T14:28:12.894Z] >>> [apiv2][query] GET https://api.github.com/repos//actions/secrets/public-key type=owner
[debug] [2022-07-27T14:28:12.990Z] <<< [apiv2][status] GET https://api.github.com/repos//actions/secrets/public-key 401
[debug] [2022-07-27T14:28:12.990Z] <<< [apiv2][body] GET https://api.github.com/repos//actions/secrets/public-key {"message":"Bad credentials","documentation_url":"https://docs.github.com/rest"}
[debug] [2022-07-27T14:28:12.993Z] <<< [apiv2][status] GET https://api.github.com/repos/MaxiJ16/lost-pet-app-v2/actions/secrets/public-key 401
[debug] [2022-07-27T14:28:12.993Z] <<< [apiv2][body] GET https://api.github.com/repos/MaxiJ16/lost-pet-app-v2/actions/secrets/public-key {"message":"Bad credentials","documentation_url":"https://docs.github.com/rest"}
[debug] [2022-07-27T14:28:12.996Z] <<< [apiv2][status] GET https://api.github.com/repos//actions/secrets/public-key 401
[debug] [2022-07-27T14:28:12.996Z] <<< [apiv2][body] GET https://api.github.com/repos//actions/secrets/public-key {"message":"Bad credentials","documentation_url":"https://docs.github.com/rest"}
[debug] [2022-07-27T14:28:13.003Z] <<< [apiv2][status] GET https://api.github.com/repos//actions/secrets/public-key 401
[debug] [2022-07-27T14:28:13.004Z] <<< [apiv2][body] GET https://api.github.com/repos//actions/secrets/public-key {"message":"Bad credentials","documentation_url":"https://docs.github.com/rest"}
[debug] [2022-07-27T14:28:13.059Z] <<< [apiv2][status] GET https://api.github.com/repos//actions/secrets/public-key 401
[debug] [2022-07-27T14:28:13.059Z] <<< [apiv2][body] GET https://api.github.com/repos//actions/secrets/public-key {"message":"Bad credentials","documentation_url":"https://docs.github.com/rest"}
[debug] [2022-07-27T14:28:13.070Z] <<< [apiv2][status] GET https://api.github.com/repos//actions/secrets/public-key 401
[debug] [2022-07-27T14:28:13.070Z] <<< [apiv2][body] GET https://api.github.com/repos//actions/secrets/public-key {"message":"Bad credentials","documentation_url":"https://docs.github.com/rest"}
[debug] [2022-07-27T14:28:13.114Z] <<< [apiv2][status] GET https://api.github.com/repos//actions/secrets/public-key 401
[debug] [2022-07-27T14:28:13.114Z] <<< [apiv2][body] GET https://api.github.com/repos//actions/secrets/public-key {"message":"Bad credentials","documentation_url":"https://docs.github.com/rest"}
[debug] [2022-07-27T14:28:13.195Z] <<< [apiv2][status] GET https://api.github.com/repos//actions/secrets/public-key 401
[debug] [2022-07-27T14:28:13.195Z] <<< [apiv2][body] GET https://api.github.com/repos//actions/secrets/public-key {"message":"Bad credentials","documentation_url":"https://docs.github.com/rest"}
[debug] [2022-07-27T14:28:13.199Z] <<< [apiv2][status] GET https://api.github.com/repos//actions/secrets/public-key 401
[debug] [2022-07-27T14:28:13.199Z] <<< [apiv2][body] GET https://api.github.com/repos//actions/secrets/public-key {"message":"Bad credentials","documentation_url":"https://docs.github.com/rest"}
[debug] [2022-07-27T14:28:13.207Z] <<< [apiv2][status] GET https://api.github.com/repos//actions/secrets/public-key 401
[debug] [2022-07-27T14:28:13.207Z] <<< [apiv2][body] GET https://api.github.com/repos//actions/secrets/public-key {"message":"Bad credentials","documentation_url":"https://docs.github.com/rest"}
[debug] [2022-07-27T14:28:21.651Z] >>> [apiv2][query] GET https://api.github.com/repos/MaxiJ16/lost-pet-app-v2/actions/secrets/public-key type=owner
[debug] [2022-07-27T14:28:21.966Z] <<< [apiv2][status] GET https://api.github.com/repos/MaxiJ16/lost-pet-app-v2/actions/secrets/public-key 401
[debug] [2022-07-27T14:28:21.966Z] <<< [apiv2][body] GET https://api.github.com/repos/MaxiJ16/lost-pet-app-v2/actions/secrets/public-key {"message":"Bad credentials","documentation_url":"https://docs.github.com/rest"}
[debug] [2022-07-27T14:28:43.554Z] Error: kill ENOSYS
    at process.kill (node:internal/process/per_thread:220:13)
    at process.listener (C:\Users\maxij\AppData\Roaming\nvm\v16.16.0\node_modules\firebase-tools\node_modules\signal-exit\index.js:95:15)
    at process.emit (node:events:527:28)
[error] 
[error] Error: An unexpected error has occurred.
